<?xml version="1.0" encoding="utf-8"?>
<assemblies timestamp="04/24/2018 15:24:16">
  <assembly name="/Users/woodylic/Lab/CoreApp/CoreApp.Tests/bin/Debug/netcoreapp2.0/CoreApp.Tests.dll" run-date="2018-04-24" run-time="15:24:16" total="1" passed="1" failed="0" skipped="0" time="0.023" errors="0">
    <errors />
    <collection total="1" passed="1" failed="0" skipped="0" name="Test collection for CoreApp.Tests.UnitTest1" time="0.023">
      <test name="CoreApp.Tests.UnitTest1.Test1" type="CoreApp.Tests.UnitTest1" method="Test1" time="0.0230000" result="Pass">
        <traits />
      </test>
    </collection>
  </assembly>
</assemblies>